<?xml version="1.0" encoding="UTF-8"?>
<!-- Generated by org.testng.reporters.JUnitReportReporter -->
<testsuite hostname="MyComputer" name="com.udemy.test.AssignmentSection12Assign6" tests="1" failures="0" timestamp="15 Apr 2020 06:05:41 GMT" time="16.735" errors="0">
  <testcase name="Assignment6_qaclick" time="16.735" classname="com.udemy.test.AssignmentSection12Assign6"/>
</testsuite> <!-- com.udemy.test.AssignmentSection12Assign6 -->
