<?xml version="1.0" encoding="UTF-8"?>
<!-- Generated by org.testng.reporters.JUnitReportReporter -->
<testsuite hostname="MyComputer" name="com.udemy.test.AssignmentSection13Last" tests="1" failures="0" timestamp="15 Apr 2020 07:09:53 GMT" time="19.586" errors="0">
  <testcase name="Assignment13Last_qaclick" time="19.586" classname="com.udemy.test.AssignmentSection13Last"/>
</testsuite> <!-- com.udemy.test.AssignmentSection13Last -->
