<?xml version="1.0" encoding="UTF-8"?>
<!-- Generated by org.testng.reporters.JUnitReportReporter -->
<testsuite hostname="MyComputer" name="com.udemy.test.AssignementSection13" tests="1" failures="0" timestamp="15 Apr 2020 06:41:39 GMT" time="20.520" errors="0">
  <testcase name="Assignmentsection13_qaclick" time="20.520" classname="com.udemy.test.AssignementSection13"/>
</testsuite> <!-- com.udemy.test.AssignementSection13 -->
