<?xml version="1.0" encoding="UTF-8"?>
<!-- Generated by org.testng.reporters.JUnitReportReporter -->
<testsuite skipped="0" hostname="MyComputer" name="com.qa.amazon.testcase.LoginPageTest" tests="2" failures="0" timestamp="30 Apr 2020 03:43:01 GMT" time="23.550" errors="0">
  <testcase name="setup" time="0.881" classname="com.qa.amazon.testcase.LoginPageTest"/>
  <testcase name="logintoHome" time="22.669" classname="com.qa.amazon.testcase.LoginPageTest"/>
</testsuite> <!-- com.qa.amazon.testcase.LoginPageTest -->
