<?xml version="1.0" encoding="UTF-8"?>
<!-- Generated by org.testng.reporters.JUnitReportReporter -->
<testsuite hostname="MyComputer" name="com.udemy.test.AssignementSection13" tests="1" failures="0" timestamp="17 Apr 2020 02:20:57 GMT" time="16.664" errors="0">
  <testcase name="Assignmentsection13_qaclick" time="16.664" classname="com.udemy.test.AssignementSection13"/>
</testsuite> <!-- com.udemy.test.AssignementSection13 -->
