<?xml version="1.0" encoding="UTF-8"?>
<!-- Generated by org.testng.reporters.JUnitReportReporter -->
<testsuite hostname="MyComputer" name="com.udemy.test.AssignementSection13" tests="1" failures="0" timestamp="16 Apr 2020 07:11:34 GMT" time="18.689" errors="0">
  <testcase name="Assignmentsection13_qaclick" time="18.689" classname="com.udemy.test.AssignementSection13"/>
</testsuite> <!-- com.udemy.test.AssignementSection13 -->
