<?xml version="1.0" encoding="UTF-8"?>
<!-- Generated by org.testng.reporters.JUnitReportReporter -->
<testsuite hostname="MyComputer" name="com.udemy.test.AssignmentSection13Last" tests="1" failures="0" timestamp="17 Apr 2020 02:20:57 GMT" time="17.450" errors="0">
  <testcase name="Assignment13Last_qaclick" time="17.450" classname="com.udemy.test.AssignmentSection13Last"/>
</testsuite> <!-- com.udemy.test.AssignmentSection13Last -->
